2018-01-28 13:21:40 pid:14211 Workerman[id_test.php] start in DEBUG mode
2018-01-28 13:24:11 pid:14219 Workerman[id_test.php] stop 
2018-01-28 13:24:11 pid:14219 Workerman[id_test.php] not run
2018-01-28 13:24:13 pid:14223 Workerman[id_test.php] start in DEBUG mode
2018-01-28 13:26:27 pid:14227 Workerman[id_test.php] start in DEBUG mode
2018-01-28 13:27:31 pid:14229 Workerman[id_test.php] stop 
2018-01-28 13:27:31 pid:14229 Workerman[id_test.php] not run
2018-01-28 13:27:34 pid:14232 Workerman[id_test.php] start in DEBUG mode
2018-01-28 13:29:54 pid:14234 Workerman[id_test.php] stop 
2018-01-28 13:29:54 pid:14234 Workerman[id_test.php] not run
2018-01-28 13:29:57 pid:14237 Workerman[id_test.php] start in DEBUG mode
2018-01-28 13:33:02 pid:14243 Workerman[id_test.php] stop 
2018-01-28 13:33:02 pid:14243 Workerman[id_test.php] not run
2018-01-28 13:33:07 pid:14245 Workerman[id_test.php] start in DEBUG mode
2018-01-28 13:36:53 pid:14258 Workerman[id_test.php] start in DEBUG mode
2018-01-28 13:37:45 pid:14261 Workerman[id_test.php] stop 
2018-01-28 13:37:45 pid:14261 Workerman[id_test.php] not run
2018-01-28 13:37:51 pid:14263 Workerman[id_test.php] start in DEBUG mode
2018-01-28 13:42:04 pid:14263 Workerman[id_test.php] stopping ...
2018-01-28 13:42:04 pid:14263 Workerman[id_test.php] has been stopped
2018-01-28 13:42:07 pid:14376 Workerman[id_test.php] stop 
2018-01-28 13:42:07 pid:14376 Workerman[id_test.php] not run
2018-01-28 14:00:26 pid:2827 Workerman[id_test.php] start in DEBUG mode
2018-01-28 14:14:24 pid:2827 Workerman[id_test.php] stopping ...
2018-01-28 14:14:24 pid:2827 Workerman[id_test.php] has been stopped
2018-01-28 14:14:29 pid:2939 Workerman[id_test.php] stop 
2018-01-28 14:14:29 pid:2939 Workerman[id_test.php] not run
2018-01-28 14:14:44 pid:2940 Workerman[id_test.php] start in DEBUG mode
2018-01-28 14:15:05 pid:2942 Workerman[id_test.php] start in DEBUG mode
2018-01-28 14:15:11 pid:2942 Workerman[id_test.php] stopping ...
2018-01-28 14:15:11 pid:2942 Workerman[id_test.php] has been stopped
2018-01-28 14:15:14 pid:2951 Workerman[id_test.php] stop 
2018-01-28 14:15:14 pid:2951 Workerman[id_test.php] not run
2018-01-28 14:17:46 pid:2970 Workerman[reuseport_test.php] start in DEBUG mode
2018-01-28 14:17:55 pid:2970 Workerman[reuseport_test.php] stopping ...
2018-01-28 14:17:55 pid:2970 Workerman[reuseport_test.php] has been stopped
2018-01-28 14:18:00 pid:2982 Workerman[reuseport_test.php] stop 
2018-01-28 14:18:00 pid:2982 Workerman[reuseport_test.php] not run
2018-01-28 14:26:16 pid:3034 Workerman[id_test.php] start in DEBUG mode
2018-01-28 14:26:18 pid:3034 Workerman[id_test.php] stopping ...
2018-01-28 14:26:18 pid:3034 Workerman[id_test.php] has been stopped
2018-01-28 14:27:27 pid:3047 Workerman[reuseport_test.php] start in DEBUG mode
2018-01-28 15:26:38 pid:3047 Workerman[reuseport_test.php] stopping ...
2018-01-28 15:26:38 pid:3047 Workerman[reuseport_test.php] has been stopped
2018-01-28 15:26:46 pid:3425 Workerman[reuseport_test.php] stop 
2018-01-28 15:26:46 pid:3425 Workerman[reuseport_test.php] not run
2018-01-28 15:27:21 pid:3432 Workerman[connect_test.php] start in DEBUG mode
2018-01-28 15:31:40 pid:3432 Workerman[connect_test.php] stopping ...
2018-01-28 15:31:40 pid:3432 Workerman[connect_test.php] has been stopped
2018-01-28 15:31:44 pid:3449 Workerman[connect_test.php] stop 
2018-01-28 15:31:44 pid:3449 Workerman[connect_test.php] not run
2018-02-07 12:39:33 pid:3026 Workerman[pipe_test.php] start in DEBUG mode
2018-02-07 12:41:34 pid:3026 Workerman[pipe_test.php] stopping ...
2018-02-07 12:41:34 pid:3026 Workerman[pipe_test.php] has been stopped
2018-02-07 12:42:15 pid:3048 Workerman[pipe_test.php] stop 
2018-02-07 12:42:15 pid:3048 Workerman[pipe_test.php] not run
2018-02-07 12:42:18 pid:3049 Workerman[pipe_test.php] start in DEBUG mode
2018-02-07 12:42:35 pid:3049 Workerman[pipe_test.php] stopping ...
2018-02-07 12:42:35 pid:3049 Workerman[pipe_test.php] has been stopped
2018-02-07 12:46:04 pid:3067 Workerman[pipe_test.php] stop 
2018-02-07 12:46:04 pid:3067 Workerman[pipe_test.php] not run
2018-02-07 12:46:13 pid:3068 Workerman[pipe_test.php] start in DEBUG mode
2018-02-07 13:14:02 pid:3068 Workerman[pipe_test.php] stopping ...
2018-02-07 13:14:02 pid:3068 Workerman[pipe_test.php] has been stopped
2018-02-07 13:14:31 pid:3235 Workerman[pipe_test.php] stop 
2018-02-07 13:14:31 pid:3235 Workerman[pipe_test.php] not run
2018-02-07 18:23:21 pid:6709 Workerman[pipe_test.php] stop 
2018-02-07 18:23:21 pid:6709 Workerman[pipe_test.php] not run
2018-02-07 18:23:36 pid:6714 Workerman[async_connect_test.php] start in DEBUG mode
2018-02-07 18:24:17 pid:6718 Workerman[async_connect_test.php] start in DEBUG mode
2018-02-07 18:25:12 pid:6721 Workerman[async_connect_test.php] start in DEBUG mode
2018-02-07 18:25:14 pid:6722 Workerman[async_connect_test.php] start in DEBUG mode
2018-02-07 18:27:00 pid:6731 Workerman[async_connect_test.php] start in DEBUG mode
2018-02-07 18:27:37 pid:6732 Workerman[async_connect_test.php] start in DEBUG mode
2018-02-07 18:28:04 pid:6735 Workerman[async_connect_test.php] start in DEBUG mode
2018-02-07 18:28:39 pid:6737 Workerman[async_connect_test.php] start in DEBUG mode
2018-02-07 18:28:53 pid:6738 Workerman[async_connect_test.php] start in DEBUG mode
2018-02-07 18:29:47 pid:6741 Workerman[async_connect_test.php] start in DEBUG mode
2018-02-07 18:29:57 pid:6741 Workerman[async_connect_test.php] stopping ...
2018-02-07 18:29:57 pid:6741 Workerman[async_connect_test.php] has been stopped
2018-02-07 18:30:04 pid:6746 Workerman[async_connect_test.php] stop 
2018-02-07 18:30:04 pid:6746 Workerman[async_connect_test.php] not run
2018-02-07 18:30:31 pid:6748 Workerman[async_connect_test.php] start in DEBUG mode
2018-02-07 18:30:35 pid:6748 Workerman[async_connect_test.php] stopping ...
2018-02-07 18:30:35 pid:6748 Workerman[async_connect_test.php] has been stopped
2018-02-07 18:30:37 pid:6750 Workerman[async_connect_test.php] stop 
2018-02-07 18:30:37 pid:6750 Workerman[async_connect_test.php] not run
2018-02-07 18:31:29 pid:6753 Workerman[async_connect_test.php] start in DEBUG mode
2018-02-07 18:32:10 pid:6772 Workerman[async_connect_test.php] start in DEBUG mode
2018-02-07 18:33:12 pid:6775 Workerman[async_connect_test.php] start in DEBUG mode
2018-02-07 18:41:08 pid:6775 Workerman[async_connect_test.php] stopping ...
2018-02-07 18:41:08 pid:6775 Workerman[async_connect_test.php] has been stopped
2018-02-07 18:41:11 pid:6837 Workerman[async_connect_test.php] stop 
2018-02-07 18:41:11 pid:6837 Workerman[async_connect_test.php] not run
2018-02-07 18:41:38 pid:6842 Workerman[async_connect_test.php] start in DEBUG mode
2018-02-07 18:42:42 pid:6842 Workerman[async_connect_test.php] stopping ...
2018-02-07 18:42:42 pid:6842 Workerman[async_connect_test.php] has been stopped
2018-02-07 20:01:05 pid:7357 Workerman[async_connect_test.php] stop 
2018-02-07 20:01:05 pid:7357 Workerman[async_connect_test.php] not run
2018-02-07 20:01:14 pid:7362 Workerman[async_transport_test.php] start in DEBUG mode
2018-02-07 20:02:52 pid:7362 Workerman[async_transport_test.php] stopping ...
2018-02-07 20:02:52 pid:7362 Workerman[async_transport_test.php] has been stopped
2018-02-07 20:03:34 pid:7373 Workerman[async_connect_test.php] stop 
2018-02-07 20:03:34 pid:7373 Workerman[async_connect_test.php] not run
2018-02-07 20:03:40 pid:7374 Workerman[async_transport_test.php] stop 
2018-02-07 20:03:40 pid:7374 Workerman[async_transport_test.php] not run
